Running on host compute084.bc4.acrc.priv
Time is Mon Dec 16 06:08:05 GMT 2019
Directory is /mnt/storage/home/mg17752/mpi/intro-hpc-stencil
Slurm job ID is 2918310

This job runs on the following machines:
compute[084,086]

8000

------------------------------------
 runtime: 0.830420 s
------------------------------------
4096

------------------------------------
 runtime: 0.098123 s
------------------------------------
1024

------------------------------------
 runtime: 0.006798 s
------------------------------------
8000 several times

------------------------------------
 runtime: 0.819814 s
------------------------------------

------------------------------------
 runtime: 0.825704 s
------------------------------------

------------------------------------
 runtime: 0.873346 s
------------------------------------

------------------------------------
 runtime: 1.073892 s
------------------------------------
